<?xml version="1.0" encoding="UTF-8"?>
<testng-results skipped="0" failed="0" total="1" passed="1">
  <reporter-output>
  </reporter-output>
  <suite name="Google" duration-ms="15736" started-at="2020-12-13T19:21:57Z" finished-at="2020-12-13T19:22:13Z">
    <groups>
    </groups>
    <test name="Google Search" duration-ms="15736" started-at="2020-12-13T19:21:57Z" finished-at="2020-12-13T19:22:13Z">
      <class name="tests.TehnomanijaTests">
        <test-method status="PASS" signature="setup()" name="setup" is-config="true" duration-ms="15721" started-at="2020-12-13T19:21:57Z" finished-at="2020-12-13T19:22:13Z">
        </test-method>
        <test-method status="PASS" signature="registracijaKorisnika()" name="registracijaKorisnika" duration-ms="2" started-at="2020-12-13T19:22:13Z" finished-at="2020-12-13T19:22:13Z">
        </test-method>
      </class>
    </test>
  </suite>
</testng-results>
